# JRE version: OpenJDK Runtime Environment Temurin-21.0.7+6 (21.0.7+6) (build 21.0.7+6-LTS)
# Java VM: OpenJDK 64-Bit Server VM Temurin-21.0.7+6 (21.0.7+6-LTS, mixed mode, sharing, tiered, compressed oops, compressed class ptrs, g1 gc, windows-amd64)
GC Precious Log:
 CardTable entry size: 512
 Card Set container configuration: InlinePtr #cards 4 size 8 Array Of Cards #cards 16 size 48 Howl #buckets 8 coarsen threshold 3686 Howl Bitmap #cards 512 size 80 coarsen threshold 460 Card regions per heap region 1 cards per card region 4096
 CPUs: 8 total, 8 available
 Memory: 16110M
 Large Page Support: Disabled
 NUMA Support: Disabled
 Compressed Oops: Enabled (Zero based)
 Heap Region Size: 2M
 Heap Min Capacity: 8M
 Heap Initial Capacity: 252M
 Heap Max Capacity: 4028M
 Pre-touch: Disabled
 Parallel Workers: 8
 Concurrent Workers: 2
 Concurrent Refinement Workers: 8
 Periodic GC: Disabled
Heap:
 garbage-first heap   total 92160K, used 36478K [0x0000000704400000, 0x0000000800000000)
  region size 2048K, 10 young (20480K), 6 survivors (12288K)
 Metaspace       used 16758K, committed 17024K, reserved 1114112K
  class space    used 1785K, committed 1920K, reserved 1048576K
GC Heap History (14 events):
Event: 0.245 GC heap before
{Heap before GC invocations=0 (full 0):
 garbage-first heap   total 258048K, used 6144K [0x0000000704400000, 0x0000000800000000)
  region size 2048K, 5 young (10240K), 0 survivors (0K)
 Metaspace       used 1431K, committed 1536K, reserved 1114112K
  class space    used 130K, committed 192K, reserved 1048576K
}
Event: 0.249 GC heap after
{Heap after GC invocations=1 (full 1):
 garbage-first heap   total 34816K, used 2752K [0x0000000704400000, 0x0000000800000000)
  region size 2048K, 0 young (0K), 0 survivors (0K)
 Metaspace       used 1431K, committed 1536K, reserved 1114112K
  class space    used 130K, committed 192K, reserved 1048576K
}
Event: 0.471 GC heap before
{Heap before GC invocations=1 (full 1):
 garbage-first heap   total 34816K, used 12992K [0x0000000704400000, 0x0000000800000000)
  region size 2048K, 5 young (10240K), 0 survivors (0K)
 Metaspace       used 2123K, committed 2304K, reserved 1114112K
  class space    used 189K, committed 256K, reserved 1048576K
}
Event: 0.473 GC heap after
{Heap after GC invocations=2 (full 1):
 garbage-first heap   total 34816K, used 4032K [0x0000000704400000, 0x0000000800000000)
  region size 2048K, 1 young (2048K), 1 survivors (2048K)
 Metaspace       used 2123K, committed 2304K, reserved 1114112K
  class space    used 189K, committed 256K, reserved 1048576K
}
Event: 0.488 GC heap before
{Heap before GC invocations=2 (full 1):
 garbage-first heap   total 34816K, used 16320K [0x0000000704400000, 0x0000000800000000)
  region size 2048K, 7 young (14336K), 1 survivors (2048K)
 Metaspace       used 2145K, committed 2304K, reserved 1114112K
  class space    used 189K, committed 256K, reserved 1048576K
}
Event: 0.490 GC heap after
{Heap after GC invocations=3 (full 1):
 garbage-first heap   total 34816K, used 5234K [0x0000000704400000, 0x0000000800000000)
  region size 2048K, 1 young (2048K), 1 survivors (2048K)
 Metaspace       used 2145K, committed 2304K, reserved 1114112K
  class space    used 189K, committed 256K, reserved 1048576K
}
Event: 0.504 GC heap before
{Heap before GC invocations=3 (full 1):
 garbage-first heap   total 34816K, used 17522K [0x0000000704400000, 0x0000000800000000)
  region size 2048K, 7 young (14336K), 1 survivors (2048K)
 Metaspace       used 2170K, committed 2368K, reserved 1114112K
  class space    used 189K, committed 256K, reserved 1048576K
}
Event: 0.509 GC heap after
{Heap after GC invocations=4 (full 1):
 garbage-first heap   total 34816K, used 6470K [0x0000000704400000, 0x0000000800000000)
  region size 2048K, 1 young (2048K), 1 survivors (2048K)
 Metaspace       used 2170K, committed 2368K, reserved 1114112K
  class space    used 189K, committed 256K, reserved 1048576K
}
Event: 0.705 GC heap before
{Heap before GC invocations=4 (full 1):
 garbage-first heap   total 34816K, used 18758K [0x0000000704400000, 0x0000000800000000)
  region size 2048K, 7 young (14336K), 1 survivors (2048K)
 Metaspace       used 3630K, committed 3840K, reserved 1114112K
  class space    used 327K, committed 448K, reserved 1048576K
}
Event: 0.711 GC heap after
{Heap after GC invocations=5 (full 1):
 garbage-first heap   total 34816K, used 9282K [0x0000000704400000, 0x0000000800000000)
  region size 2048K, 1 young (2048K), 1 survivors (2048K)
 Metaspace       used 3630K, committed 3840K, reserved 1114112K
  class space    used 327K, committed 448K, reserved 1048576K
}
Event: 0.914 GC heap before
{Heap before GC invocations=5 (full 1):
 garbage-first heap   total 34816K, used 17474K [0x0000000704400000, 0x0000000800000000)
  region size 2048K, 6 young (12288K), 1 survivors (2048K)
 Metaspace       used 7858K, committed 8064K, reserved 1114112K
  class space    used 775K, committed 896K, reserved 1048576K
}
Event: 0.919 GC heap after
{Heap after GC invocations=6 (full 1):
 garbage-first heap   total 147456K, used 11145K [0x0000000704400000, 0x0000000800000000)
  region size 2048K, 1 young (2048K), 1 survivors (2048K)
 Metaspace       used 7858K, committed 8064K, reserved 1114112K
  class space    used 775K, committed 896K, reserved 1048576K
}
Event: 1.642 GC heap before
{Heap before GC invocations=7 (full 1):
 garbage-first heap   total 69632K, used 58249K [0x0000000704400000, 0x0000000800000000)
  region size 2048K, 25 young (51200K), 1 survivors (2048K)
 Metaspace       used 15280K, committed 15552K, reserved 1114112K
  class space    used 1669K, committed 1792K, reserved 1048576K
}
Event: 1.653 GC heap after
{Heap after GC invocations=8 (full 1):
 garbage-first heap   total 92160K, used 30334K [0x0000000704400000, 0x0000000800000000)
  region size 2048K, 6 young (12288K), 6 survivors (12288K)
 Metaspace       used 15280K, committed 15552K, reserved 1114112K
  class space    used 1669K, committed 1792K, reserved 1048576K
}

