# JRE version: OpenJDK Runtime Environment Temurin-21.0.7+6 (21.0.7+6) (build 21.0.7+6-LTS)
# Java VM: OpenJDK 64-Bit Server VM Temurin-21.0.7+6 (21.0.7+6-LTS, mixed mode, sharing, tiered, compressed oops, compressed class ptrs, g1 gc, windows-amd64)
GC Precious Log:
 CardTable entry size: 512
 Card Set container configuration: InlinePtr #cards 4 size 8 Array Of Cards #cards 16 size 48 Howl #buckets 8 coarsen threshold 3686 Howl Bitmap #cards 512 size 80 coarsen threshold 460 Card regions per heap region 1 cards per card region 4096
 CPUs: 8 total, 8 available
 Memory: 16110M
 Large Page Support: Disabled
 NUMA Support: Disabled
 Compressed Oops: Enabled (Zero based)
 Heap Region Size: 2M
 Heap Min Capacity: 8M
 Heap Initial Capacity: 252M
 Heap Max Capacity: 4028M
 Pre-touch: Disabled
 Parallel Workers: 8
 Concurrent Workers: 2
 Concurrent Refinement Workers: 8
 Periodic GC: Disabled
Heap:
 garbage-first heap   total 90112K, used 69855K [0x0000000704400000, 0x0000000800000000)
  region size 2048K, 22 young (45056K), 1 survivors (2048K)
 Metaspace       used 17966K, committed 18240K, reserved 1114112K
  class space    used 1847K, committed 1984K, reserved 1048576K
GC Heap History (20 events):
Event: 1405.148 GC heap before
{Heap before GC invocations=89 (full 8):
 garbage-first heap   total 90112K, used 73939K [0x0000000704400000, 0x0000000800000000)
  region size 2048K, 23 young (47104K), 1 survivors (2048K)
 Metaspace       used 17966K, committed 18240K, reserved 1114112K
  class space    used 1847K, committed 1984K, reserved 1048576K
}
Event: 1405.148 GC heap after
{Heap after GC invocations=90 (full 8):
 garbage-first heap   total 90112K, used 28895K [0x0000000704400000, 0x0000000800000000)
  region size 2048K, 1 young (2048K), 1 survivors (2048K)
 Metaspace       used 17966K, committed 18240K, reserved 1114112K
  class space    used 1847K, committed 1984K, reserved 1048576K
}
Event: 1405.674 GC heap before
{Heap before GC invocations=90 (full 8):
 garbage-first heap   total 90112K, used 73951K [0x0000000704400000, 0x0000000800000000)
  region size 2048K, 23 young (47104K), 1 survivors (2048K)
 Metaspace       used 17966K, committed 18240K, reserved 1114112K
  class space    used 1847K, committed 1984K, reserved 1048576K
}
Event: 1405.675 GC heap after
{Heap after GC invocations=91 (full 8):
 garbage-first heap   total 90112K, used 28891K [0x0000000704400000, 0x0000000800000000)
  region size 2048K, 1 young (2048K), 1 survivors (2048K)
 Metaspace       used 17966K, committed 18240K, reserved 1114112K
  class space    used 1847K, committed 1984K, reserved 1048576K
}
Event: 1406.185 GC heap before
{Heap before GC invocations=91 (full 8):
 garbage-first heap   total 90112K, used 73947K [0x0000000704400000, 0x0000000800000000)
  region size 2048K, 23 young (47104K), 1 survivors (2048K)
 Metaspace       used 17966K, committed 18240K, reserved 1114112K
  class space    used 1847K, committed 1984K, reserved 1048576K
}
Event: 1406.186 GC heap after
{Heap after GC invocations=92 (full 8):
 garbage-first heap   total 90112K, used 28895K [0x0000000704400000, 0x0000000800000000)
  region size 2048K, 1 young (2048K), 1 survivors (2048K)
 Metaspace       used 17966K, committed 18240K, reserved 1114112K
  class space    used 1847K, committed 1984K, reserved 1048576K
}
Event: 1406.673 GC heap before
{Heap before GC invocations=92 (full 8):
 garbage-first heap   total 90112K, used 73951K [0x0000000704400000, 0x0000000800000000)
  region size 2048K, 23 young (47104K), 1 survivors (2048K)
 Metaspace       used 17966K, committed 18240K, reserved 1114112K
  class space    used 1847K, committed 1984K, reserved 1048576K
}
Event: 1406.673 GC heap after
{Heap after GC invocations=93 (full 8):
 garbage-first heap   total 90112K, used 28895K [0x0000000704400000, 0x0000000800000000)
  region size 2048K, 1 young (2048K), 1 survivors (2048K)
 Metaspace       used 17966K, committed 18240K, reserved 1114112K
  class space    used 1847K, committed 1984K, reserved 1048576K
}
Event: 1407.195 GC heap before
{Heap before GC invocations=93 (full 8):
 garbage-first heap   total 90112K, used 73951K [0x0000000704400000, 0x0000000800000000)
  region size 2048K, 23 young (47104K), 1 survivors (2048K)
 Metaspace       used 17966K, committed 18240K, reserved 1114112K
  class space    used 1847K, committed 1984K, reserved 1048576K
}
Event: 1407.195 GC heap after
{Heap after GC invocations=94 (full 8):
 garbage-first heap   total 90112K, used 28895K [0x0000000704400000, 0x0000000800000000)
  region size 2048K, 1 young (2048K), 1 survivors (2048K)
 Metaspace       used 17966K, committed 18240K, reserved 1114112K
  class space    used 1847K, committed 1984K, reserved 1048576K
}
Event: 1556.782 GC heap before
{Heap before GC invocations=94 (full 8):
 garbage-first heap   total 90112K, used 73951K [0x0000000704400000, 0x0000000800000000)
  region size 2048K, 23 young (47104K), 1 survivors (2048K)
 Metaspace       used 17966K, committed 18240K, reserved 1114112K
  class space    used 1847K, committed 1984K, reserved 1048576K
}
Event: 1556.782 GC heap after
{Heap after GC invocations=95 (full 8):
 garbage-first heap   total 90112K, used 28895K [0x0000000704400000, 0x0000000800000000)
  region size 2048K, 1 young (2048K), 1 survivors (2048K)
 Metaspace       used 17966K, committed 18240K, reserved 1114112K
  class space    used 1847K, committed 1984K, reserved 1048576K
}
Event: 1557.322 GC heap before
{Heap before GC invocations=95 (full 8):
 garbage-first heap   total 90112K, used 73951K [0x0000000704400000, 0x0000000800000000)
  region size 2048K, 23 young (47104K), 1 survivors (2048K)
 Metaspace       used 17966K, committed 18240K, reserved 1114112K
  class space    used 1847K, committed 1984K, reserved 1048576K
}
Event: 1557.322 GC heap after
{Heap after GC invocations=96 (full 8):
 garbage-first heap   total 90112K, used 28898K [0x0000000704400000, 0x0000000800000000)
  region size 2048K, 1 young (2048K), 1 survivors (2048K)
 Metaspace       used 17966K, committed 18240K, reserved 1114112K
  class space    used 1847K, committed 1984K, reserved 1048576K
}
Event: 1557.820 GC heap before
{Heap before GC invocations=96 (full 8):
 garbage-first heap   total 90112K, used 73954K [0x0000000704400000, 0x0000000800000000)
  region size 2048K, 23 young (47104K), 1 survivors (2048K)
 Metaspace       used 17966K, committed 18240K, reserved 1114112K
  class space    used 1847K, committed 1984K, reserved 1048576K
}
Event: 1557.821 GC heap after
{Heap after GC invocations=97 (full 8):
 garbage-first heap   total 90112K, used 28895K [0x0000000704400000, 0x0000000800000000)
  region size 2048K, 1 young (2048K), 1 survivors (2048K)
 Metaspace       used 17966K, committed 18240K, reserved 1114112K
  class space    used 1847K, committed 1984K, reserved 1048576K
}
Event: 1558.234 GC heap before
{Heap before GC invocations=97 (full 8):
 garbage-first heap   total 90112K, used 73951K [0x0000000704400000, 0x0000000800000000)
  region size 2048K, 23 young (47104K), 1 survivors (2048K)
 Metaspace       used 17966K, committed 18240K, reserved 1114112K
  class space    used 1847K, committed 1984K, reserved 1048576K
}
Event: 1558.235 GC heap after
{Heap after GC invocations=98 (full 8):
 garbage-first heap   total 90112K, used 28895K [0x0000000704400000, 0x0000000800000000)
  region size 2048K, 1 young (2048K), 1 survivors (2048K)
 Metaspace       used 17966K, committed 18240K, reserved 1114112K
  class space    used 1847K, committed 1984K, reserved 1048576K
}
Event: 1558.693 GC heap before
{Heap before GC invocations=98 (full 8):
 garbage-first heap   total 90112K, used 73951K [0x0000000704400000, 0x0000000800000000)
  region size 2048K, 23 young (47104K), 1 survivors (2048K)
 Metaspace       used 17966K, committed 18240K, reserved 1114112K
  class space    used 1847K, committed 1984K, reserved 1048576K
}
Event: 1558.694 GC heap after
{Heap after GC invocations=99 (full 8):
 garbage-first heap   total 90112K, used 28895K [0x0000000704400000, 0x0000000800000000)
  region size 2048K, 1 young (2048K), 1 survivors (2048K)
 Metaspace       used 17966K, committed 18240K, reserved 1114112K
  class space    used 1847K, committed 1984K, reserved 1048576K
}

