# JRE version: OpenJDK Runtime Environment Temurin-21.0.7+6 (21.0.7+6) (build 21.0.7+6-LTS)
# Java VM: OpenJDK 64-Bit Server VM Temurin-21.0.7+6 (21.0.7+6-LTS, mixed mode, sharing, tiered, compressed oops, compressed class ptrs, g1 gc, windows-amd64)
GC Precious Log:
 CardTable entry size: 512
 Card Set container configuration: InlinePtr #cards 4 size 8 Array Of Cards #cards 16 size 48 Howl #buckets 8 coarsen threshold 3686 Howl Bitmap #cards 512 size 80 coarsen threshold 460 Card regions per heap region 1 cards per card region 4096
 CPUs: 8 total, 8 available
 Memory: 16110M
 Large Page Support: Disabled
 NUMA Support: Disabled
 Compressed Oops: Enabled (Zero based)
 Heap Region Size: 2M
 Heap Min Capacity: 8M
 Heap Initial Capacity: 252M
 Heap Max Capacity: 4028M
 Pre-touch: Disabled
 Parallel Workers: 8
 Concurrent Workers: 2
 Concurrent Refinement Workers: 8
 Periodic GC: Disabled
Heap:
 garbage-first heap   total 53248K, used 28174K [0x0000000704400000, 0x0000000800000000)
  region size 2048K, 1 young (2048K), 0 survivors (0K)
 Metaspace       used 16898K, committed 17152K, reserved 1114112K
  class space    used 1773K, committed 1920K, reserved 1048576K
GC Heap History (20 events):
Event: 0.341 GC heap before
{Heap before GC invocations=3 (full 1):
 garbage-first heap   total 34816K, used 17528K [0x0000000704400000, 0x0000000800000000)
  region size 2048K, 7 young (14336K), 1 survivors (2048K)
 Metaspace       used 2171K, committed 2368K, reserved 1114112K
  class space    used 189K, committed 256K, reserved 1048576K
}
Event: 0.345 GC heap after
{Heap after GC invocations=4 (full 1):
 garbage-first heap   total 34816K, used 6689K [0x0000000704400000, 0x0000000800000000)
  region size 2048K, 1 young (2048K), 1 survivors (2048K)
 Metaspace       used 2171K, committed 2368K, reserved 1114112K
  class space    used 189K, committed 256K, reserved 1048576K
}
Event: 0.464 GC heap before
{Heap before GC invocations=4 (full 1):
 garbage-first heap   total 34816K, used 10785K [0x0000000704400000, 0x0000000800000000)
  region size 2048K, 4 young (8192K), 1 survivors (2048K)
 Metaspace       used 2875K, committed 3072K, reserved 1114112K
  class space    used 270K, committed 384K, reserved 1048576K
}
Event: 0.479 GC heap after
{Heap after GC invocations=5 (full 2):
 garbage-first heap   total 28672K, used 7674K [0x0000000704400000, 0x0000000800000000)
  region size 2048K, 0 young (0K), 0 survivors (0K)
 Metaspace       used 2875K, committed 3072K, reserved 1114112K
  class space    used 270K, committed 384K, reserved 1048576K
}
Event: 0.581 GC heap before
{Heap before GC invocations=5 (full 2):
 garbage-first heap   total 28672K, used 9722K [0x0000000704400000, 0x0000000800000000)
  region size 2048K, 2 young (4096K), 0 survivors (0K)
 Metaspace       used 2994K, committed 3200K, reserved 1114112K
  class space    used 270K, committed 384K, reserved 1048576K
}
Event: 0.594 GC heap after
{Heap after GC invocations=6 (full 3):
 garbage-first heap   total 28672K, used 7970K [0x0000000704400000, 0x0000000800000000)
  region size 2048K, 0 young (0K), 0 survivors (0K)
 Metaspace       used 2994K, committed 3200K, reserved 1114112K
  class space    used 270K, committed 384K, reserved 1048576K
}
Event: 0.643 GC heap before
{Heap before GC invocations=6 (full 3):
 garbage-first heap   total 28672K, used 7970K [0x0000000704400000, 0x0000000800000000)
  region size 2048K, 1 young (2048K), 0 survivors (0K)
 Metaspace       used 3104K, committed 3328K, reserved 1114112K
  class space    used 275K, committed 384K, reserved 1048576K
}
Event: 0.656 GC heap after
{Heap after GC invocations=7 (full 4):
 garbage-first heap   total 28672K, used 7769K [0x0000000704400000, 0x0000000800000000)
  region size 2048K, 0 young (0K), 0 survivors (0K)
 Metaspace       used 3104K, committed 3328K, reserved 1114112K
  class space    used 275K, committed 384K, reserved 1048576K
}
Event: 0.931 GC heap before
{Heap before GC invocations=7 (full 4):
 garbage-first heap   total 28672K, used 20057K [0x0000000704400000, 0x0000000800000000)
  region size 2048K, 7 young (14336K), 0 survivors (0K)
 Metaspace       used 8718K, committed 8960K, reserved 1114112K
  class space    used 887K, committed 1024K, reserved 1048576K
}
Event: 0.934 GC heap after
{Heap after GC invocations=8 (full 4):
 garbage-first heap   total 143360K, used 10790K [0x0000000704400000, 0x0000000800000000)
  region size 2048K, 1 young (2048K), 1 survivors (2048K)
 Metaspace       used 8718K, committed 8960K, reserved 1114112K
  class space    used 887K, committed 1024K, reserved 1048576K
}
Event: 0.980 GC heap before
{Heap before GC invocations=8 (full 4):
 garbage-first heap   total 143360K, used 16934K [0x0000000704400000, 0x0000000800000000)
  region size 2048K, 5 young (10240K), 1 survivors (2048K)
 Metaspace       used 9802K, committed 10048K, reserved 1114112K
  class space    used 1048K, committed 1152K, reserved 1048576K
}
Event: 0.991 GC heap after
{Heap after GC invocations=9 (full 5):
 garbage-first heap   total 49152K, used 10160K [0x0000000704400000, 0x0000000800000000)
  region size 2048K, 0 young (0K), 0 survivors (0K)
 Metaspace       used 9802K, committed 10048K, reserved 1114112K
  class space    used 1048K, committed 1152K, reserved 1048576K
}
Event: 1.455 GC heap before
{Heap before GC invocations=9 (full 5):
 garbage-first heap   total 49152K, used 32688K [0x0000000704400000, 0x0000000800000000)
  region size 2048K, 11 young (22528K), 0 survivors (0K)
 Metaspace       used 15095K, committed 15296K, reserved 1114112K
  class space    used 1656K, committed 1728K, reserved 1048576K
}
Event: 1.457 GC heap after
{Heap after GC invocations=10 (full 5):
 garbage-first heap   total 49152K, used 13127K [0x0000000704400000, 0x0000000800000000)
  region size 2048K, 2 young (4096K), 2 survivors (4096K)
 Metaspace       used 15095K, committed 15296K, reserved 1114112K
  class space    used 1656K, committed 1728K, reserved 1048576K
}
Event: 1.516 GC heap before
{Heap before GC invocations=10 (full 5):
 garbage-first heap   total 49152K, used 17223K [0x0000000704400000, 0x0000000800000000)
  region size 2048K, 5 young (10240K), 2 survivors (4096K)
 Metaspace       used 15216K, committed 15424K, reserved 1114112K
  class space    used 1665K, committed 1792K, reserved 1048576K
}
Event: 1.533 GC heap after
{Heap after GC invocations=11 (full 6):
 garbage-first heap   total 49152K, used 15471K [0x0000000704400000, 0x0000000800000000)
  region size 2048K, 0 young (0K), 0 survivors (0K)
 Metaspace       used 15216K, committed 15424K, reserved 1114112K
  class space    used 1665K, committed 1792K, reserved 1048576K
}
Event: 1.719 GC heap before
{Heap before GC invocations=11 (full 6):
 garbage-first heap   total 49152K, used 35951K [0x0000000704400000, 0x0000000800000000)
  region size 2048K, 10 young (20480K), 0 survivors (0K)
 Metaspace       used 16386K, committed 16640K, reserved 1114112K
  class space    used 1735K, committed 1856K, reserved 1048576K
}
Event: 1.726 GC heap after
{Heap after GC invocations=12 (full 6):
 garbage-first heap   total 53248K, used 29454K [0x0000000704400000, 0x0000000800000000)
  region size 2048K, 2 young (4096K), 2 survivors (4096K)
 Metaspace       used 16386K, committed 16640K, reserved 1114112K
  class space    used 1735K, committed 1856K, reserved 1048576K
}
Event: 1950.780 GC heap before
{Heap before GC invocations=12 (full 6):
 garbage-first heap   total 53248K, used 31502K [0x0000000704400000, 0x0000000800000000)
  region size 2048K, 4 young (8192K), 2 survivors (4096K)
 Metaspace       used 16898K, committed 17152K, reserved 1114112K
  class space    used 1773K, committed 1920K, reserved 1048576K
}
Event: 1950.802 GC heap after
{Heap after GC invocations=13 (full 7):
 garbage-first heap   total 53248K, used 28174K [0x0000000704400000, 0x0000000800000000)
  region size 2048K, 0 young (0K), 0 survivors (0K)
 Metaspace       used 16898K, committed 17152K, reserved 1114112K
  class space    used 1773K, committed 1920K, reserved 1048576K
}

