# JRE version: OpenJDK Runtime Environment Temurin-21.0.7+6 (21.0.7+6) (build 21.0.7+6-LTS)
# Java VM: OpenJDK 64-Bit Server VM Temurin-21.0.7+6 (21.0.7+6-LTS, mixed mode, sharing, tiered, compressed oops, compressed class ptrs, g1 gc, windows-amd64)
GC Precious Log:
 CardTable entry size: 512
 Card Set container configuration: InlinePtr #cards 4 size 8 Array Of Cards #cards 16 size 48 Howl #buckets 8 coarsen threshold 3686 Howl Bitmap #cards 512 size 80 coarsen threshold 460 Card regions per heap region 1 cards per card region 4096
 CPUs: 8 total, 8 available
 Memory: 16110M
 Large Page Support: Disabled
 NUMA Support: Disabled
 Compressed Oops: Enabled (Zero based)
 Heap Region Size: 2M
 Heap Min Capacity: 8M
 Heap Initial Capacity: 252M
 Heap Max Capacity: 4028M
 Pre-touch: Disabled
 Parallel Workers: 8
 Concurrent Workers: 2
 Concurrent Refinement Workers: 8
 Periodic GC: Disabled
Heap:
 garbage-first heap   total 147456K, used 76739K [0x0000000704400000, 0x0000000800000000)
  region size 2048K, 36 young (73728K), 1 survivors (2048K)
 Metaspace       used 16899K, committed 17216K, reserved 1114112K
  class space    used 1805K, committed 1920K, reserved 1048576K
GC Heap History (10 events):
Event: 0.223 GC heap before
{Heap before GC invocations=0 (full 0):
 garbage-first heap   total 258048K, used 6144K [0x0000000704400000, 0x0000000800000000)
  region size 2048K, 5 young (10240K), 0 survivors (0K)
 Metaspace       used 1395K, committed 1536K, reserved 1114112K
  class space    used 130K, committed 192K, reserved 1048576K
}
Event: 0.228 GC heap after
{Heap after GC invocations=1 (full 1):
 garbage-first heap   total 34816K, used 2700K [0x0000000704400000, 0x0000000800000000)
  region size 2048K, 0 young (0K), 0 survivors (0K)
 Metaspace       used 1395K, committed 1536K, reserved 1114112K
  class space    used 130K, committed 192K, reserved 1048576K
}
Event: 0.377 GC heap before
{Heap before GC invocations=1 (full 1):
 garbage-first heap   total 34816K, used 12940K [0x0000000704400000, 0x0000000800000000)
  region size 2048K, 5 young (10240K), 0 survivors (0K)
 Metaspace       used 2108K, committed 2304K, reserved 1114112K
  class space    used 189K, committed 256K, reserved 1048576K
}
Event: 0.378 GC heap after
{Heap after GC invocations=2 (full 1):
 garbage-first heap   total 34816K, used 3980K [0x0000000704400000, 0x0000000800000000)
  region size 2048K, 1 young (2048K), 1 survivors (2048K)
 Metaspace       used 2108K, committed 2304K, reserved 1114112K
  class space    used 189K, committed 256K, reserved 1048576K
}
Event: 0.398 GC heap before
{Heap before GC invocations=2 (full 1):
 garbage-first heap   total 34816K, used 16268K [0x0000000704400000, 0x0000000800000000)
  region size 2048K, 7 young (14336K), 1 survivors (2048K)
 Metaspace       used 2130K, committed 2304K, reserved 1114112K
  class space    used 189K, committed 256K, reserved 1048576K
}
Event: 0.401 GC heap after
{Heap after GC invocations=3 (full 1):
 garbage-first heap   total 34816K, used 5172K [0x0000000704400000, 0x0000000800000000)
  region size 2048K, 1 young (2048K), 1 survivors (2048K)
 Metaspace       used 2130K, committed 2304K, reserved 1114112K
  class space    used 189K, committed 256K, reserved 1048576K
}
Event: 0.415 GC heap before
{Heap before GC invocations=3 (full 1):
 garbage-first heap   total 34816K, used 17460K [0x0000000704400000, 0x0000000800000000)
  region size 2048K, 7 young (14336K), 1 survivors (2048K)
 Metaspace       used 2154K, committed 2304K, reserved 1114112K
  class space    used 189K, committed 256K, reserved 1048576K
}
Event: 0.418 GC heap after
{Heap after GC invocations=4 (full 1):
 garbage-first heap   total 34816K, used 6319K [0x0000000704400000, 0x0000000800000000)
  region size 2048K, 1 young (2048K), 1 survivors (2048K)
 Metaspace       used 2154K, committed 2304K, reserved 1114112K
  class space    used 189K, committed 256K, reserved 1048576K
}
Event: 0.623 GC heap before
{Heap before GC invocations=4 (full 1):
 garbage-first heap   total 34816K, used 18607K [0x0000000704400000, 0x0000000800000000)
  region size 2048K, 7 young (14336K), 1 survivors (2048K)
 Metaspace       used 3649K, committed 3904K, reserved 1114112K
  class space    used 324K, committed 448K, reserved 1048576K
}
Event: 0.629 GC heap after
{Heap after GC invocations=5 (full 1):
 garbage-first heap   total 147456K, used 9155K [0x0000000704400000, 0x0000000800000000)
  region size 2048K, 1 young (2048K), 1 survivors (2048K)
 Metaspace       used 3649K, committed 3904K, reserved 1114112K
  class space    used 324K, committed 448K, reserved 1048576K
}

