# JRE version: OpenJDK Runtime Environment Temurin-21.0.7+6 (21.0.7+6) (build 21.0.7+6-LTS)
# Java VM: OpenJDK 64-Bit Server VM Temurin-21.0.7+6 (21.0.7+6-LTS, mixed mode, sharing, tiered, compressed oops, compressed class ptrs, g1 gc, windows-amd64)
GC Precious Log:
 CardTable entry size: 512
 Card Set container configuration: InlinePtr #cards 4 size 8 Array Of Cards #cards 16 size 48 Howl #buckets 8 coarsen threshold 3686 Howl Bitmap #cards 512 size 80 coarsen threshold 460 Card regions per heap region 1 cards per card region 4096
 CPUs: 8 total, 8 available
 Memory: 16110M
 Large Page Support: Disabled
 NUMA Support: Disabled
 Compressed Oops: Enabled (Zero based)
 Heap Region Size: 2M
 Heap Min Capacity: 8M
 Heap Initial Capacity: 252M
 Heap Max Capacity: 4028M
 Pre-touch: Disabled
 Parallel Workers: 8
 Concurrent Workers: 2
 Concurrent Refinement Workers: 8
 Periodic GC: Disabled
Heap:
 garbage-first heap   total 110592K, used 73870K [0x0000000704400000, 0x0000000800000000)
  region size 2048K, 24 young (49152K), 1 survivors (2048K)
 Metaspace       used 17994K, committed 18304K, reserved 1114112K
  class space    used 1862K, committed 2048K, reserved 1048576K
GC Heap History (20 events):
Event: 1.597 GC heap before
{Heap before GC invocations=12 (full 5):
 garbage-first heap   total 28672K, used 18597K [0x0000000704400000, 0x0000000800000000)
  region size 2048K, 4 young (8192K), 1 survivors (2048K)
 Metaspace       used 15206K, committed 15424K, reserved 1114112K
  class space    used 1665K, committed 1792K, reserved 1048576K
}
Event: 1.599 GC heap after
{Heap after GC invocations=13 (full 5):
 garbage-first heap   total 143360K, used 13633K [0x0000000704400000, 0x0000000800000000)
  region size 2048K, 1 young (2048K), 1 survivors (2048K)
 Metaspace       used 15206K, committed 15424K, reserved 1114112K
  class space    used 1665K, committed 1792K, reserved 1048576K
}
Event: 127.454 GC heap before
{Heap before GC invocations=13 (full 5):
 garbage-first heap   total 143360K, used 50497K [0x0000000704400000, 0x0000000800000000)
  region size 2048K, 21 young (43008K), 1 survivors (2048K)
 Metaspace       used 17522K, committed 17792K, reserved 1114112K
  class space    used 1832K, committed 1984K, reserved 1048576K
}
Event: 127.480 GC heap after
{Heap after GC invocations=14 (full 6):
 garbage-first heap   total 110592K, used 28839K [0x0000000704400000, 0x0000000800000000)
  region size 2048K, 0 young (0K), 0 survivors (0K)
 Metaspace       used 17522K, committed 17792K, reserved 1114112K
  class space    used 1832K, committed 1984K, reserved 1048576K
}
Event: 128.689 GC heap before
{Heap before GC invocations=14 (full 6):
 garbage-first heap   total 110592K, used 75943K [0x0000000704400000, 0x0000000800000000)
  region size 2048K, 24 young (49152K), 0 survivors (0K)
 Metaspace       used 17859K, committed 18176K, reserved 1114112K
  class space    used 1835K, committed 1984K, reserved 1048576K
}
Event: 128.690 GC heap after
{Heap after GC invocations=15 (full 6):
 garbage-first heap   total 110592K, used 29042K [0x0000000704400000, 0x0000000800000000)
  region size 2048K, 1 young (2048K), 1 survivors (2048K)
 Metaspace       used 17859K, committed 18176K, reserved 1114112K
  class space    used 1835K, committed 1984K, reserved 1048576K
}
Event: 129.842 GC heap before
{Heap before GC invocations=15 (full 6):
 garbage-first heap   total 110592K, used 92530K [0x0000000704400000, 0x0000000800000000)
  region size 2048K, 32 young (65536K), 1 survivors (2048K)
 Metaspace       used 17868K, committed 18176K, reserved 1114112K
  class space    used 1836K, committed 1984K, reserved 1048576K
}
Event: 129.843 GC heap after
{Heap after GC invocations=16 (full 6):
 garbage-first heap   total 110592K, used 28893K [0x0000000704400000, 0x0000000800000000)
  region size 2048K, 1 young (2048K), 1 survivors (2048K)
 Metaspace       used 17868K, committed 18176K, reserved 1114112K
  class space    used 1836K, committed 1984K, reserved 1048576K
}
Event: 129.894 GC heap before
{Heap before GC invocations=16 (full 6):
 garbage-first heap   total 110592K, used 28893K [0x0000000704400000, 0x0000000800000000)
  region size 2048K, 2 young (4096K), 1 survivors (2048K)
 Metaspace       used 17868K, committed 18176K, reserved 1114112K
  class space    used 1836K, committed 1984K, reserved 1048576K
}
Event: 129.910 GC heap after
{Heap after GC invocations=17 (full 7):
 garbage-first heap   total 110592K, used 28638K [0x0000000704400000, 0x0000000800000000)
  region size 2048K, 0 young (0K), 0 survivors (0K)
 Metaspace       used 17868K, committed 18176K, reserved 1114112K
  class space    used 1836K, committed 1984K, reserved 1048576K
}
Event: 131.001 GC heap before
{Heap before GC invocations=17 (full 7):
 garbage-first heap   total 110592K, used 94174K [0x0000000704400000, 0x0000000800000000)
  region size 2048K, 32 young (65536K), 0 survivors (0K)
 Metaspace       used 17875K, committed 18176K, reserved 1114112K
  class space    used 1837K, committed 1984K, reserved 1048576K
}
Event: 131.002 GC heap after
{Heap after GC invocations=18 (full 7):
 garbage-first heap   total 110592K, used 28668K [0x0000000704400000, 0x0000000800000000)
  region size 2048K, 1 young (2048K), 1 survivors (2048K)
 Metaspace       used 17875K, committed 18176K, reserved 1114112K
  class space    used 1837K, committed 1984K, reserved 1048576K
}
Event: 551.709 GC heap before
{Heap before GC invocations=18 (full 7):
 garbage-first heap   total 110592K, used 83964K [0x0000000704400000, 0x0000000800000000)
  region size 2048K, 29 young (59392K), 1 survivors (2048K)
 Metaspace       used 17950K, committed 18240K, reserved 1114112K
  class space    used 1858K, committed 1984K, reserved 1048576K
}
Event: 551.725 GC heap after
{Heap after GC invocations=19 (full 8):
 garbage-first heap   total 110592K, used 28756K [0x0000000704400000, 0x0000000800000000)
  region size 2048K, 0 young (0K), 0 survivors (0K)
 Metaspace       used 17950K, committed 18240K, reserved 1114112K
  class space    used 1858K, committed 1984K, reserved 1048576K
}
Event: 1051.124 GC heap before
{Heap before GC invocations=19 (full 8):
 garbage-first heap   total 110592K, used 94292K [0x0000000704400000, 0x0000000800000000)
  region size 2048K, 32 young (65536K), 0 survivors (0K)
 Metaspace       used 17953K, committed 18240K, reserved 1114112K
  class space    used 1859K, committed 1984K, reserved 1048576K
}
Event: 1051.126 GC heap after
{Heap after GC invocations=20 (full 8):
 garbage-first heap   total 110592K, used 28856K [0x0000000704400000, 0x0000000800000000)
  region size 2048K, 1 young (2048K), 1 survivors (2048K)
 Metaspace       used 17953K, committed 18240K, reserved 1114112K
  class space    used 1859K, committed 1984K, reserved 1048576K
}
Event: 1052.465 GC heap before
{Heap before GC invocations=20 (full 8):
 garbage-first heap   total 110592K, used 92344K [0x0000000704400000, 0x0000000800000000)
  region size 2048K, 32 young (65536K), 1 survivors (2048K)
 Metaspace       used 17972K, committed 18240K, reserved 1114112K
  class space    used 1860K, committed 1984K, reserved 1048576K
}
Event: 1052.466 GC heap after
{Heap after GC invocations=21 (full 8):
 garbage-first heap   total 110592K, used 28830K [0x0000000704400000, 0x0000000800000000)
  region size 2048K, 1 young (2048K), 1 survivors (2048K)
 Metaspace       used 17972K, committed 18240K, reserved 1114112K
  class space    used 1860K, committed 1984K, reserved 1048576K
}
Event: 1053.500 GC heap before
{Heap before GC invocations=21 (full 8):
 garbage-first heap   total 110592K, used 92318K [0x0000000704400000, 0x0000000800000000)
  region size 2048K, 32 young (65536K), 1 survivors (2048K)
 Metaspace       used 17982K, committed 18240K, reserved 1114112K
  class space    used 1860K, committed 1984K, reserved 1048576K
}
Event: 1053.500 GC heap after
{Heap after GC invocations=22 (full 8):
 garbage-first heap   total 110592K, used 28814K [0x0000000704400000, 0x0000000800000000)
  region size 2048K, 1 young (2048K), 1 survivors (2048K)
 Metaspace       used 17982K, committed 18240K, reserved 1114112K
  class space    used 1860K, committed 1984K, reserved 1048576K
}

