# JRE version: OpenJDK Runtime Environment Temurin-21.0.7+6 (21.0.7+6) (build 21.0.7+6-LTS)
# Java VM: OpenJDK 64-Bit Server VM Temurin-21.0.7+6 (21.0.7+6-LTS, mixed mode, sharing, tiered, compressed oops, compressed class ptrs, g1 gc, windows-amd64)
GC Precious Log:
 CardTable entry size: 512
 Card Set container configuration: InlinePtr #cards 4 size 8 Array Of Cards #cards 16 size 48 Howl #buckets 8 coarsen threshold 3686 Howl Bitmap #cards 512 size 80 coarsen threshold 460 Card regions per heap region 1 cards per card region 4096
 CPUs: 8 total, 8 available
 Memory: 16110M
 Large Page Support: Disabled
 NUMA Support: Disabled
 Compressed Oops: Enabled (Zero based)
 Heap Region Size: 2M
 Heap Min Capacity: 8M
 Heap Initial Capacity: 252M
 Heap Max Capacity: 4028M
 Pre-touch: Disabled
 Parallel Workers: 8
 Concurrent Workers: 2
 Concurrent Refinement Workers: 8
 Periodic GC: Disabled
Heap:
 garbage-first heap   total 102400K, used 78810K [0x0000000704400000, 0x0000000800000000)
  region size 2048K, 27 young (55296K), 1 survivors (2048K)
 Metaspace       used 18093K, committed 18496K, reserved 1114112K
  class space    used 1855K, committed 2048K, reserved 1048576K
GC Heap History (20 events):
Event: 51008.176 GC heap before
{Heap before GC invocations=239 (full 7):
 garbage-first heap   total 102400K, used 88299K [0x0000000704400000, 0x0000000800000000)
  region size 2048K, 30 young (61440K), 1 survivors (2048K)
 Metaspace       used 18142K, committed 18496K, reserved 1114112K
  class space    used 1868K, committed 2048K, reserved 1048576K
}
Event: 51008.178 GC heap after
{Heap after GC invocations=240 (full 7):
 garbage-first heap   total 102400K, used 28915K [0x0000000704400000, 0x0000000800000000)
  region size 2048K, 1 young (2048K), 1 survivors (2048K)
 Metaspace       used 18142K, committed 18496K, reserved 1114112K
  class space    used 1868K, committed 2048K, reserved 1048576K
}
Event: 51009.023 GC heap before
{Heap before GC invocations=240 (full 7):
 garbage-first heap   total 102400K, used 88307K [0x0000000704400000, 0x0000000800000000)
  region size 2048K, 30 young (61440K), 1 survivors (2048K)
 Metaspace       used 18142K, committed 18496K, reserved 1114112K
  class space    used 1868K, committed 2048K, reserved 1048576K
}
Event: 51009.024 GC heap after
{Heap after GC invocations=241 (full 7):
 garbage-first heap   total 102400K, used 28915K [0x0000000704400000, 0x0000000800000000)
  region size 2048K, 1 young (2048K), 1 survivors (2048K)
 Metaspace       used 18142K, committed 18496K, reserved 1114112K
  class space    used 1868K, committed 2048K, reserved 1048576K
}
Event: 51009.793 GC heap before
{Heap before GC invocations=241 (full 7):
 garbage-first heap   total 102400K, used 88307K [0x0000000704400000, 0x0000000800000000)
  region size 2048K, 30 young (61440K), 1 survivors (2048K)
 Metaspace       used 18142K, committed 18496K, reserved 1114112K
  class space    used 1868K, committed 2048K, reserved 1048576K
}
Event: 51009.802 GC heap after
{Heap after GC invocations=242 (full 7):
 garbage-first heap   total 102400K, used 28917K [0x0000000704400000, 0x0000000800000000)
  region size 2048K, 1 young (2048K), 1 survivors (2048K)
 Metaspace       used 18142K, committed 18496K, reserved 1114112K
  class space    used 1868K, committed 2048K, reserved 1048576K
}
Event: 51011.486 GC heap before
{Heap before GC invocations=242 (full 7):
 garbage-first heap   total 102400K, used 88309K [0x0000000704400000, 0x0000000800000000)
  region size 2048K, 30 young (61440K), 1 survivors (2048K)
 Metaspace       used 18142K, committed 18496K, reserved 1114112K
  class space    used 1868K, committed 2048K, reserved 1048576K
}
Event: 51011.487 GC heap after
{Heap after GC invocations=243 (full 7):
 garbage-first heap   total 102400K, used 28918K [0x0000000704400000, 0x0000000800000000)
  region size 2048K, 1 young (2048K), 1 survivors (2048K)
 Metaspace       used 18142K, committed 18496K, reserved 1114112K
  class space    used 1868K, committed 2048K, reserved 1048576K
}
Event: 51244.116 GC heap before
{Heap before GC invocations=243 (full 7):
 garbage-first heap   total 102400K, used 37110K [0x0000000704400000, 0x0000000800000000)
  region size 2048K, 6 young (12288K), 1 survivors (2048K)
 Metaspace       used 18142K, committed 18496K, reserved 1114112K
  class space    used 1868K, committed 2048K, reserved 1048576K
}
Event: 51244.269 GC heap after
{Heap after GC invocations=244 (full 8):
 garbage-first heap   total 102400K, used 27610K [0x0000000704400000, 0x0000000800000000)
  region size 2048K, 0 young (0K), 0 survivors (0K)
 Metaspace       used 18093K, committed 18496K, reserved 1114112K
  class space    used 1855K, committed 2048K, reserved 1048576K
}
Event: 51244.407 GC heap before
{Heap before GC invocations=244 (full 8):
 garbage-first heap   total 102400K, used 27610K [0x0000000704400000, 0x0000000800000000)
  region size 2048K, 1 young (2048K), 0 survivors (0K)
 Metaspace       used 18093K, committed 18496K, reserved 1114112K
  class space    used 1855K, committed 2048K, reserved 1048576K
}
Event: 51244.426 GC heap after
{Heap after GC invocations=245 (full 9):
 garbage-first heap   total 102400K, used 27594K [0x0000000704400000, 0x0000000800000000)
  region size 2048K, 0 young (0K), 0 survivors (0K)
 Metaspace       used 18093K, committed 18496K, reserved 1114112K
  class space    used 1855K, committed 2048K, reserved 1048576K
}
Event: 52293.185 GC heap before
{Heap before GC invocations=245 (full 9):
 garbage-first heap   total 102400K, used 27594K [0x0000000704400000, 0x0000000800000000)
  region size 2048K, 1 young (2048K), 0 survivors (0K)
 Metaspace       used 18093K, committed 18496K, reserved 1114112K
  class space    used 1855K, committed 2048K, reserved 1048576K
}
Event: 52293.208 GC heap after
{Heap after GC invocations=246 (full 10):
 garbage-first heap   total 102400K, used 27594K [0x0000000704400000, 0x0000000800000000)
  region size 2048K, 0 young (0K), 0 survivors (0K)
 Metaspace       used 18093K, committed 18496K, reserved 1114112K
  class space    used 1855K, committed 2048K, reserved 1048576K
}
Event: 52883.854 GC heap before
{Heap before GC invocations=246 (full 10):
 garbage-first heap   total 102400K, used 89034K [0x0000000704400000, 0x0000000800000000)
  region size 2048K, 30 young (61440K), 0 survivors (0K)
 Metaspace       used 18093K, committed 18496K, reserved 1114112K
  class space    used 1855K, committed 2048K, reserved 1048576K
}
Event: 52883.855 GC heap after
{Heap after GC invocations=247 (full 10):
 garbage-first heap   total 102400K, used 27610K [0x0000000704400000, 0x0000000800000000)
  region size 2048K, 1 young (2048K), 1 survivors (2048K)
 Metaspace       used 18093K, committed 18496K, reserved 1114112K
  class space    used 1855K, committed 2048K, reserved 1048576K
}
Event: 52884.663 GC heap before
{Heap before GC invocations=247 (full 10):
 garbage-first heap   total 102400K, used 87002K [0x0000000704400000, 0x0000000800000000)
  region size 2048K, 30 young (61440K), 1 survivors (2048K)
 Metaspace       used 18093K, committed 18496K, reserved 1114112K
  class space    used 1855K, committed 2048K, reserved 1048576K
}
Event: 52884.666 GC heap after
{Heap after GC invocations=248 (full 10):
 garbage-first heap   total 102400K, used 27608K [0x0000000704400000, 0x0000000800000000)
  region size 2048K, 1 young (2048K), 1 survivors (2048K)
 Metaspace       used 18093K, committed 18496K, reserved 1114112K
  class space    used 1855K, committed 2048K, reserved 1048576K
}
Event: 52885.378 GC heap before
{Heap before GC invocations=248 (full 10):
 garbage-first heap   total 102400K, used 87000K [0x0000000704400000, 0x0000000800000000)
  region size 2048K, 30 young (61440K), 1 survivors (2048K)
 Metaspace       used 18093K, committed 18496K, reserved 1114112K
  class space    used 1855K, committed 2048K, reserved 1048576K
}
Event: 52885.382 GC heap after
{Heap after GC invocations=249 (full 10):
 garbage-first heap   total 102400K, used 27610K [0x0000000704400000, 0x0000000800000000)
  region size 2048K, 1 young (2048K), 1 survivors (2048K)
 Metaspace       used 18093K, committed 18496K, reserved 1114112K
  class space    used 1855K, committed 2048K, reserved 1048576K
}

